<?xml version="1.0" encoding="UTF-8"?>
<!-- Generated by org.testng.reporters.JUnitReportReporter -->
<testsuite hostname="DESKTOP-MR0E3M3" failures="0" tests="1" name="CRUDWithBDD.QueryParameter" time="7.948" errors="0" timestamp="2022-12-28T16:03:25 GMT-05:00" skipped="0">
  <testcase classname="CRUDWithBDD.QueryParameter" name="QueryParameterTest" time="7.948"/>
  <system-out/>
</testsuite> <!-- CRUDWithBDD.QueryParameter -->
