<?xml version="1.0" encoding="UTF-8"?>
<!-- Generated by org.testng.reporters.JUnitReportReporter -->
<testsuite hostname="DESKTOP-MR0E3M3" failures="0" tests="1" name="Validation.ResponseTimeValidation" time="1.786" errors="0" timestamp="2023-01-03T11:51:34 GMT-05:00" skipped="0">
  <testcase classname="Validation.ResponseTimeValidation" name="test" time="1.786"/>
  <system-out/>
</testsuite> <!-- Validation.ResponseTimeValidation -->
