<?xml version="1.0" encoding="UTF-8"?>
<!-- Generated by org.testng.reporters.JUnitReportReporter -->
<testsuite hostname="DESKTOP-MR0E3M3" failures="0" tests="1" name="CRUDWithoutBDD.pathparameter" time="22.689" errors="0" timestamp="2022-12-28T15:44:26 GMT-05:00" skipped="0">
  <testcase classname="CRUDWithoutBDD.pathparameter" name="pathparameterTest" time="22.689"/>
  <system-out/>
</testsuite> <!-- CRUDWithoutBDD.pathparameter -->
