<?xml version="1.0" encoding="UTF-8"?>
<!-- Generated by org.testng.reporters.JUnitReportReporter -->
<testsuite hostname="DESKTOP-MR0E3M3" failures="0" tests="1" name="SerialisationAndDeserialisation.EmpSerialisationEmailStringArrayT" time="0.346" errors="0" timestamp="2022-12-26T16:05:33 GMT-05:00" skipped="0">
  <testcase classname="SerialisationAndDeserialisation.EmpSerialisationEmailStringArrayT" name="SerialisationofEmpDetails1" time="0.346"/>
  <system-out/>
</testsuite> <!-- SerialisationAndDeserialisation.EmpSerialisationEmailStringArrayT -->
