<?xml version="1.0" encoding="UTF-8"?>
<!-- Generated by org.testng.reporters.JUnitReportReporter -->
<testsuite hostname="DESKTOP-MR0E3M3" failures="0" tests="1" name="RequestSpecification.RequestSpecificationUsing_with_method" time="0.851" errors="0" timestamp="2023-01-04T12:36:07 GMT-05:00" skipped="0">
  <testcase classname="RequestSpecification.RequestSpecificationUsing_with_method" name="specification" time="0.851"/>
  <system-out/>
</testsuite> <!-- RequestSpecification.RequestSpecificationUsing_with_method -->
