<?xml version="1.0" encoding="UTF-8"?>
<!-- Generated by org.testng.reporters.JUnitReportReporter -->
<testsuite hostname="DESKTOP-MR0E3M3" failures="0" tests="1" name="Authentication.BasicAuth" time="2.720" errors="0" timestamp="2023-01-03T11:55:25 GMT-05:00" skipped="0">
  <testcase classname="Authentication.BasicAuth" name="BasicAuthTest" time="2.720"/>
  <system-out/>
</testsuite> <!-- Authentication.BasicAuth -->
