<?xml version="1.0" encoding="UTF-8"?>
<!-- Generated by org.testng.reporters.JUnitReportReporter -->
<testsuite hostname="DESKTOP-MR0E3M3" failures="0" tests="1" name="Authentication.oauth2o" time="3.635" errors="0" timestamp="2023-01-03T10:49:53 GMT-05:00" skipped="0">
  <testcase classname="Authentication.oauth2o" name="oauthTest" time="3.635"/>
  <system-out/>
</testsuite> <!-- Authentication.oauth2o -->
