<?xml version="1.0" encoding="UTF-8"?>
<!-- Generated by org.testng.reporters.JUnitReportReporter -->
<testsuite hostname="DESKTOP-MR0E3M3" failures="0" tests="1" name="CRUDWithBDD.ResponseTimeValidation" time="4.285" errors="0" timestamp="2023-01-02T21:23:07 GMT-05:00" skipped="0">
  <testcase classname="CRUDWithBDD.ResponseTimeValidation" name="test" time="4.285"/>
  <system-out/>
</testsuite> <!-- CRUDWithBDD.ResponseTimeValidation -->
