<?xml version="1.0" encoding="UTF-8"?>
<!-- Generated by org.testng.reporters.JUnitReportReporter -->
<testsuite hostname="DESKTOP-MR0E3M3" failures="0" tests="1" name="CRUDWithBDD.AddProjectTC2" time="14.681" errors="0" timestamp="2022-12-28T15:12:08 GMT-05:00" skipped="0">
  <testcase classname="CRUDWithBDD.AddProjectTC2" name="addProject" time="14.681"/>
  <system-out/>
</testsuite> <!-- CRUDWithBDD.AddProjectTC2 -->
