<?xml version="1.0" encoding="UTF-8"?>
<!-- Generated by org.testng.reporters.JUnitReportReporter -->
<testsuite hostname="DESKTOP-MR0E3M3" failures="0" tests="1" name="SerialisationAndDeserialisation.EmpDeSerialisationPhoneIntArray" time="0.236" errors="0" timestamp="2022-12-26T18:00:57 GMT-05:00" skipped="0">
  <testcase classname="SerialisationAndDeserialisation.EmpDeSerialisationPhoneIntArray" name="deserialisationofEmpDetails" time="0.236"/>
  <system-out/>
</testsuite> <!-- SerialisationAndDeserialisation.EmpDeSerialisationPhoneIntArray -->
