<?xml version="1.0" encoding="UTF-8"?>
<!-- Generated by org.testng.reporters.JUnitReportReporter -->
<testsuite hostname="DESKTOP-MR0E3M3" failures="0" tests="1" name="DifferentWaysToPost.CreateProjectUsingHashmap" time="5.061" errors="0" timestamp="2022-12-29T11:28:07 GMT-05:00" skipped="0">
  <testcase classname="DifferentWaysToPost.CreateProjectUsingHashmap" name="test" time="5.061"/>
  <system-out/>
</testsuite> <!-- DifferentWaysToPost.CreateProjectUsingHashmap -->
