<?xml version="1.0" encoding="UTF-8"?>
<!-- Generated by org.testng.reporters.JUnitReportReporter -->
<testsuite hostname="DESKTOP-MR0E3M3" failures="0" tests="1" name="CRUDWithBDD.AddProjectTest" time="3.148" errors="0" timestamp="2022-12-28T11:03:22 GMT-05:00" skipped="0">
  <testcase classname="CRUDWithBDD.AddProjectTest" name="addProject" time="3.148"/>
  <system-out/>
</testsuite> <!-- CRUDWithBDD.AddProjectTest -->
