<?xml version="1.0" encoding="UTF-8"?>
<!-- Generated by org.testng.reporters.JUnitReportReporter -->
<testsuite hostname="DESKTOP-MR0E3M3" failures="0" tests="1" name="Parameter.PathParameter" time="3.309" errors="0" timestamp="2023-01-02T13:02:11 GMT-05:00" skipped="0">
  <testcase classname="Parameter.PathParameter" name="PathParameterTest" time="3.309"/>
  <system-out/>
</testsuite> <!-- Parameter.PathParameter -->
