<?xml version="1.0" encoding="UTF-8"?>
<!-- Generated by org.testng.reporters.JUnitReportReporter -->
<testsuite hostname="DESKTOP-MR0E3M3" failures="0" tests="1" name="CRUDWithBDD.uploadImage" time="3.975" errors="0" timestamp="2022-12-28T16:37:20 GMT-05:00" skipped="0">
  <testcase classname="CRUDWithBDD.uploadImage" name="FileUpload" time="3.975"/>
  <system-out/>
</testsuite> <!-- CRUDWithBDD.uploadImage -->
