<?xml version="1.0" encoding="UTF-8"?>
<!-- Generated by org.testng.reporters.JUnitReportReporter -->
<testsuite hostname="DESKTOP-MR0E3M3" failures="0" tests="1" name="EndToEndScenario.CreateProjectAndVerifyInDataBase" time="2.472" errors="0" timestamp="2023-01-04T15:55:31 GMT-05:00" skipped="0">
  <testcase classname="EndToEndScenario.CreateProjectAndVerifyInDataBase" name="CreateProjectAndVerifyInDataBaseTest" time="2.472"/>
  <system-out/>
</testsuite> <!-- EndToEndScenario.CreateProjectAndVerifyInDataBase -->
