<?xml version="1.0" encoding="UTF-8"?>
<!-- Generated by org.testng.reporters.JUnitReportReporter -->
<testsuite hostname="DESKTOP-MR0E3M3" failures="0" tests="1" name="CRUDWithoutBDD.putProject" time="2.236" errors="0" timestamp="2022-12-28T10:46:13 GMT-05:00" skipped="0">
  <testcase classname="CRUDWithoutBDD.putProject" name="updateProject" time="2.236"/>
  <system-out/>
</testsuite> <!-- CRUDWithoutBDD.putProject -->
