<?xml version="1.0" encoding="UTF-8"?>
<!-- Generated by org.testng.reporters.JUnitReportReporter -->
<testsuite hostname="DESKTOP-MR0E3M3" failures="0" tests="1" name="CRUDWithBDD.AddProjectWithoutEndurl" time="2.068" errors="0" timestamp="2022-12-28T11:15:40 GMT-05:00" skipped="0">
  <testcase classname="CRUDWithBDD.AddProjectWithoutEndurl" name="addProject" time="2.068"/>
  <system-out/>
</testsuite> <!-- CRUDWithBDD.AddProjectWithoutEndurl -->
