<?xml version="1.0" encoding="UTF-8"?>
<!-- Generated by org.testng.reporters.JUnitReportReporter -->
<testsuite hostname="DESKTOP-MR0E3M3" failures="0" tests="1" name="Authentication.BasicPremitiveAuth" time="1.818" errors="0" timestamp="2023-01-02T16:00:27 GMT-05:00" skipped="0">
  <testcase classname="Authentication.BasicPremitiveAuth" name="BasicPremitiveAuthTest" time="1.818"/>
  <system-out/>
</testsuite> <!-- Authentication.BasicPremitiveAuth -->
