<?xml version="1.0" encoding="UTF-8"?>
<!-- Generated by org.testng.reporters.JUnitReportReporter -->
<testsuite hostname="DESKTOP-MR0E3M3" failures="0" tests="1" name="DifferentWaysToPost.CreateProjectUsingJsonFile" time="2.516" errors="0" timestamp="2022-12-29T11:31:25 GMT-05:00" skipped="0">
  <testcase classname="DifferentWaysToPost.CreateProjectUsingJsonFile" name="test" time="2.516"/>
  <system-out/>
</testsuite> <!-- DifferentWaysToPost.CreateProjectUsingJsonFile -->
