<?xml version="1.0" encoding="UTF-8"?>
<!-- Generated by org.testng.reporters.JUnitReportReporter -->
<testsuite hostname="DESKTOP-MR0E3M3" failures="0" tests="1" name="SerialisationAndDeserialisation.EmpSerialisationinTest" time="0.278" errors="0" timestamp="2022-12-26T16:01:13 GMT-05:00" skipped="0">
  <testcase classname="SerialisationAndDeserialisation.EmpSerialisationinTest" name="SerialisationofEmpDetails" time="0.278"/>
  <system-out/>
</testsuite> <!-- SerialisationAndDeserialisation.EmpSerialisationinTest -->
