<?xml version="1.0" encoding="UTF-8"?>
<!-- Generated by org.testng.reporters.JUnitReportReporter -->
<testsuite hostname="DESKTOP-MR0E3M3" failures="0" tests="1" name="SerialisationAndDeserialisation.EmpDeSerialisationWithSpouse" time="0.259" errors="0" timestamp="2022-12-26T18:04:10 GMT-05:00" skipped="0">
  <testcase classname="SerialisationAndDeserialisation.EmpDeSerialisationWithSpouse" name="deserialisationofEmpDetails" time="0.259"/>
  <system-out/>
</testsuite> <!-- SerialisationAndDeserialisation.EmpDeSerialisationWithSpouse -->
