<?xml version="1.0" encoding="UTF-8"?>
<!-- Generated by org.testng.reporters.JUnitReportReporter -->
<testsuite hostname="DESKTOP-MR0E3M3" failures="0" tests="1" name="RequestUsingCRUDOperation.GetSingleProject" time="1.740" errors="0" timestamp="2023-01-04T16:49:29 GMT-05:00" skipped="0">
  <testcase classname="RequestUsingCRUDOperation.GetSingleProject" name="GetSingleProjectTest" time="1.740"/>
  <system-out/>
</testsuite> <!-- RequestUsingCRUDOperation.GetSingleProject -->
