<?xml version="1.0" encoding="UTF-8"?>
<!-- Generated by org.testng.reporters.JUnitReportReporter -->
<testsuite hostname="DESKTOP-MR0E3M3" failures="0" tests="1" name="RequestUsingCRUDOperation.putProject" time="2.081" errors="0" timestamp="2023-01-04T17:03:09 GMT-05:00" skipped="0">
  <testcase classname="RequestUsingCRUDOperation.putProject" name="putProjectTest" time="2.081"/>
  <system-out/>
</testsuite> <!-- RequestUsingCRUDOperation.putProject -->
