<?xml version="1.0" encoding="UTF-8"?>
<!-- Generated by org.testng.reporters.JUnitReportReporter -->
<testsuite hostname="DESKTOP-MR0E3M3" failures="0" tests="2" name="RequestSpecification.WithoutUsingRequestSpecification" time="1.246" errors="0" timestamp="2023-01-04T12:36:16 GMT-05:00" skipped="0">
  <testcase classname="RequestSpecification.WithoutUsingRequestSpecification" name="getBookingDetailsWithInvalidFirstName" time="0.027"/>
  <system-out/>
  <testcase classname="RequestSpecification.WithoutUsingRequestSpecification" name="getAllBookings" time="1.219"/>
  <system-out/>
</testsuite> <!-- RequestSpecification.WithoutUsingRequestSpecification -->
