<?xml version="1.0" encoding="UTF-8"?>
<!-- Generated by org.testng.reporters.JUnitReportReporter -->
<testsuite hostname="DESKTOP-MR0E3M3" failures="0" tests="1" name="DataDriven.CreateProjectUsingDataProviderExcel" time="2.239" errors="0" timestamp="2022-12-29T15:45:14 GMT-05:00" skipped="0">
  <testcase classname="DataDriven.CreateProjectUsingDataProviderExcel" name="addProjectTest" time="2.239"/>
  <system-out/>
</testsuite> <!-- DataDriven.CreateProjectUsingDataProviderExcel -->
