<?xml version="1.0" encoding="UTF-8"?>
<!-- Generated by org.testng.reporters.JUnitReportReporter -->
<testsuite hostname="DESKTOP-MR0E3M3" failures="0" tests="1" name="Authentication.BarrierToken" time="4.800" errors="0" timestamp="2023-01-02T16:59:46 GMT-05:00" skipped="0">
  <testcase classname="Authentication.BarrierToken" name="BarrierTokenTest" time="4.800"/>
  <system-out/>
</testsuite> <!-- Authentication.BarrierToken -->
