<?xml version="1.0" encoding="UTF-8"?>
<!-- Generated by org.testng.reporters.JUnitReportReporter -->
<testsuite hostname="DESKTOP-MR0E3M3" failures="0" tests="1" name="Validation.HeaderValidationTest" time="1.687" errors="0" timestamp="2023-01-03T11:48:06 GMT-05:00" skipped="0">
  <testcase classname="Validation.HeaderValidationTest" name="validation" time="1.687"/>
  <system-out/>
</testsuite> <!-- Validation.HeaderValidationTest -->
