<?xml version="1.0" encoding="UTF-8"?>
<!-- Generated by org.testng.reporters.JUnitReportReporter -->
<testsuite hostname="DESKTOP-MR0E3M3" failures="0" tests="1" name="CRUDWithBDD.GetAllProjects" time="1.832" errors="0" timestamp="2022-12-28T11:52:04 GMT-05:00" skipped="0">
  <testcase classname="CRUDWithBDD.GetAllProjects" name="getProject" time="1.832"/>
  <system-out/>
</testsuite> <!-- CRUDWithBDD.GetAllProjects -->
