<?xml version="1.0" encoding="UTF-8"?>
<!-- Generated by org.testng.reporters.JUnitReportReporter -->
<testsuite hostname="DESKTOP-MR0E3M3" failures="0" tests="1" name="CRUDWithBDD.RequestChaining" time="9.055" errors="0" timestamp="2022-12-28T16:17:08 GMT-05:00" skipped="0">
  <testcase classname="CRUDWithBDD.RequestChaining" name="RequestChaining" time="9.055"/>
  <system-out/>
</testsuite> <!-- CRUDWithBDD.RequestChaining -->
