<?xml version="1.0" encoding="UTF-8"?>
<!-- Generated by org.testng.reporters.JUnitReportReporter -->
<testsuite hostname="DESKTOP-MR0E3M3" failures="0" tests="2" name="DataDriven.PostRequestUsingDataProvider" time="2.209" errors="0" timestamp="2023-01-03T11:20:46 GMT-05:00" skipped="0">
  <testcase classname="DataDriven.PostRequestUsingDataProvider" name="addProjectTest" time="2.117"/>
  <system-out/>
  <testcase classname="DataDriven.PostRequestUsingDataProvider" name="addProjectTest" time="0.092"/>
  <system-out/>
</testsuite> <!-- DataDriven.PostRequestUsingDataProvider -->
