<?xml version="1.0" encoding="UTF-8"?>
<!-- Generated by org.testng.reporters.JUnitReportReporter -->
<testsuite hostname="DESKTOP-MR0E3M3" failures="0" tests="1" name="RequestUsingCRUDOperation.AddProjectTest" time="3.982" errors="0" timestamp="2023-01-04T14:56:32 GMT-05:00" skipped="0">
  <testcase classname="RequestUsingCRUDOperation.AddProjectTest" name="addProject" time="3.982"/>
  <system-out/>
</testsuite> <!-- RequestUsingCRUDOperation.AddProjectTest -->
