<?xml version="1.0" encoding="UTF-8"?>
<!-- Generated by org.testng.reporters.JUnitReportReporter -->
<testsuite hostname="DESKTOP-MR0E3M3" failures="0" tests="1" name="Authentication.BasicDigestiveAuth" time="1.908" errors="0" timestamp="2023-01-02T15:58:47 GMT-05:00" skipped="0">
  <testcase classname="Authentication.BasicDigestiveAuth" name="BasicDigestiveAuth" time="1.908"/>
  <system-out/>
</testsuite> <!-- Authentication.BasicDigestiveAuth -->
