<?xml version="1.0" encoding="UTF-8"?>
<!-- Generated by org.testng.reporters.JUnitReportReporter -->
<testsuite hostname="DESKTOP-MR0E3M3" failures="0" tests="1" name="SerialisationAndDeserialisation.EmpDeSerialisation" time="0.431" errors="0" timestamp="2022-12-26T17:35:19 GMT-05:00" skipped="0">
  <testcase classname="SerialisationAndDeserialisation.EmpDeSerialisation" name="deserialisationofEmpDetails" time="0.431"/>
  <system-out/>
</testsuite> <!-- SerialisationAndDeserialisation.EmpDeSerialisation -->
