<?xml version="1.0" encoding="UTF-8"?>
<!-- Generated by org.testng.reporters.JUnitReportReporter -->
<testsuite hostname="DESKTOP-MR0E3M3" failures="0" tests="1" name="Validation.GetProjectDynamic" time="2.302" errors="0" timestamp="2023-01-03T11:47:04 GMT-05:00" skipped="0">
  <testcase classname="Validation.GetProjectDynamic" name="getTest" time="2.302"/>
  <system-out/>
</testsuite> <!-- Validation.GetProjectDynamic -->
