<?xml version="1.0" encoding="UTF-8"?>
<!-- Generated by org.testng.reporters.JUnitReportReporter -->
<testsuite hostname="DESKTOP-MR0E3M3" failures="0" tests="1" name="CRUDWithBDD.BarrierToken" time="4.461" errors="0" timestamp="2022-12-28T17:24:07 GMT-05:00" skipped="0">
  <testcase classname="CRUDWithBDD.BarrierToken" name="BarrierTokenTest" time="4.461"/>
  <system-out/>
</testsuite> <!-- CRUDWithBDD.BarrierToken -->
