<?xml version="1.0" encoding="UTF-8"?>
<!-- Generated by org.testng.reporters.JUnitReportReporter -->
<testsuite hostname="DESKTOP-MR0E3M3" failures="0" tests="1" name="RequestUsingCRUDOperation.Post" time="2.517" errors="0" timestamp="2023-01-04T15:45:53 GMT-05:00" skipped="0">
  <testcase classname="RequestUsingCRUDOperation.Post" name="addProject" time="2.517"/>
  <system-out/>
</testsuite> <!-- RequestUsingCRUDOperation.Post -->
