<?xml version="1.0" encoding="UTF-8"?>
<!-- Generated by org.testng.reporters.JUnitReportReporter -->
<testsuite hostname="DESKTOP-MR0E3M3" failures="0" tests="1" name="CRUDWithoutBDD.asString" time="2.752" errors="0" timestamp="2023-01-03T11:15:56 GMT-05:00" skipped="0">
  <testcase classname="CRUDWithoutBDD.asString" name="pathparameterTest" time="2.752"/>
  <system-out/>
</testsuite> <!-- CRUDWithoutBDD.asString -->
