<?xml version="1.0" encoding="UTF-8"?>
<!-- Generated by org.testng.reporters.JUnitReportReporter -->
<testsuite hostname="DESKTOP-MR0E3M3" failures="0" tests="1" name="SerialisationAndDeserialisation.EmpDeSerialisationEmailStringArray" time="0.269" errors="0" timestamp="2022-12-26T17:59:32 GMT-05:00" skipped="0">
  <testcase classname="SerialisationAndDeserialisation.EmpDeSerialisationEmailStringArray" name="deserialisationofEmpDetails" time="0.269"/>
  <system-out/>
</testsuite> <!-- SerialisationAndDeserialisation.EmpDeSerialisationEmailStringArray -->
