<?xml version="1.0" encoding="UTF-8"?>
<!-- Generated by org.testng.reporters.JUnitReportReporter -->
<testsuite hostname="DESKTOP-MR0E3M3" failures="0" tests="1" name="RequestChaining.Chaining" time="2.993" errors="0" timestamp="2023-01-02T16:09:28 GMT-05:00" skipped="0">
  <testcase classname="RequestChaining.Chaining" name="ChainingTest" time="2.993"/>
  <system-out/>
</testsuite> <!-- RequestChaining.Chaining -->
