<?xml version="1.0" encoding="UTF-8"?>
<!-- Generated by org.testng.reporters.JUnitReportReporter -->
<testsuite hostname="DESKTOP-MR0E3M3" failures="0" tests="1" name="Validation.BodyValidation" time="1.828" errors="0" timestamp="2022-12-29T17:06:32 GMT-05:00" skipped="0">
  <testcase classname="Validation.BodyValidation" name="bodyValTest" time="1.828"/>
  <system-out/>
</testsuite> <!-- Validation.BodyValidation -->
