<?xml version="1.0" encoding="UTF-8"?>
<!-- Generated by org.testng.reporters.JUnitReportReporter -->
<testsuite hostname="DESKTOP-MR0E3M3" failures="0" tests="1" name="SerialisationAndDeserialisation.EmpSerialisationwithSpouseT" time="2.970" errors="0" timestamp="2022-12-26T16:17:35 GMT-05:00" skipped="0">
  <testcase classname="SerialisationAndDeserialisation.EmpSerialisationwithSpouseT" name="SerialisationofEmpDetails2" time="2.970"/>
  <system-out/>
</testsuite> <!-- SerialisationAndDeserialisation.EmpSerialisationwithSpouseT -->
