<?xml version="1.0" encoding="UTF-8"?>
<!-- Generated by org.testng.reporters.JUnitReportReporter -->
<testsuite hostname="DESKTOP-MR0E3M3" failures="0" tests="1" name="CRUDWithBDD.BasicAuth" time="3.151" errors="0" timestamp="2022-12-28T16:23:19 GMT-05:00" skipped="0">
  <testcase classname="CRUDWithBDD.BasicAuth" name="BasicAuthTest" time="3.151"/>
  <system-out/>
</testsuite> <!-- CRUDWithBDD.BasicAuth -->
