<?xml version="1.0" encoding="UTF-8"?>
<!-- Generated by org.testng.reporters.JUnitReportReporter -->
<testsuite hostname="DESKTOP-MR0E3M3" failures="0" tests="1" name="CRUDWithoutBDD.addProjectTest" time="2.536" errors="0" timestamp="2022-12-28T10:43:59 GMT-05:00" skipped="0">
  <testcase classname="CRUDWithoutBDD.addProjectTest" name="addProject" time="2.536"/>
  <system-out/>
</testsuite> <!-- CRUDWithoutBDD.addProjectTest -->
