<?xml version="1.0" encoding="UTF-8"?>
<!-- Generated by org.testng.reporters.JUnitReportReporter -->
<testsuite hostname="DESKTOP-MR0E3M3" failures="0" tests="1" name="Parameter.QueryParameter" time="15.867" errors="0" timestamp="2023-01-02T13:09:52 GMT-05:00" skipped="0">
  <testcase classname="Parameter.QueryParameter" name="QuerrParameterTest" time="15.867"/>
  <system-out/>
</testsuite> <!-- Parameter.QueryParameter -->
